0 info it worked if it ends with ok
1 verbose cli [ '/usr/bin/node', '/usr/bin/npm', 'publish' ]
2 info using npm@2.15.11
3 info using node@v4.8.7
4 verbose publish [ '.' ]
5 silly cache add args [ '.', null ]
6 verbose cache add spec .
7 silly cache add parsed spec Result {
7 silly cache add   raw: '.',
7 silly cache add   scope: null,
7 silly cache add   name: null,
7 silly cache add   rawSpec: '.',
7 silly cache add   spec: '/home/user/Projects/uniquire',
7 silly cache add   type: 'directory' }
8 verbose addLocalDirectory /home/user/.npm/uniquire/1.0.6/package.tgz not in flight; packing
9 verbose correctMkdir /home/user/.npm correctMkdir not in flight; initializing
10 verbose tar pack [ '/home/user/.npm/uniquire/1.0.6/package.tgz',
10 verbose tar pack   '/home/user/Projects/uniquire' ]
11 verbose tarball /home/user/.npm/uniquire/1.0.6/package.tgz
12 verbose folder /home/user/Projects/uniquire
13 info prepublish uniquire@1.0.6
14 verbose addLocalTarball adding from inside cache /home/user/.npm/uniquire/1.0.6/package.tgz
15 verbose correctMkdir /home/user/.npm correctMkdir not in flight; initializing
16 silly cache afterAdd uniquire@1.0.6
17 verbose afterAdd /home/user/.npm/uniquire/1.0.6/package/package.json not in flight; writing
18 verbose correctMkdir /home/user/.npm correctMkdir not in flight; initializing
19 verbose afterAdd /home/user/.npm/uniquire/1.0.6/package/package.json written
20 silly publish { name: 'uniquire',
20 silly publish   version: '1.0.6',
20 silly publish   description: 'mock node modules, throwing execeptions if module that isn\'t mocked is required',
20 silly publish   main: 'index.js',
20 silly publish   scripts: { test: 'echo "Error: no test specified"' },
20 silly publish   keywords: [ 'unit', 'testing', 'require', 'mock' ],
20 silly publish   author: { name: 'Paul Humphreys' },
20 silly publish   license: 'ISC',
20 silly publish   dependencies:
20 silly publish    { 'fs-walk': '0.0.1',
20 silly publish      istanbul: '^0.4.5',
20 silly publish      'module-not-found-error': '^1.0.1',
20 silly publish      multimatch: '^2.1.0',
20 silly publish      'strip-bom': '^3.0.0',
20 silly publish      'strip-shebang': '^1.0.2' },
20 silly publish   repository:
20 silly publish    { type: 'git',
20 silly publish      url: 'git+https://github.com/pjshumphreys/uniquire.git' },
20 silly publish   bugs: { url: 'https://github.com/pjshumphreys/uniquire/issues' },
20 silly publish   homepage: 'https://github.com/pjshumphreys/uniquire#readme',
20 silly publish   gitHead: 'd0caead3d1eb6a0b34b6432710a2b83f6ffcda41',
20 silly publish   readme: 'ERROR: No README data found!',
20 silly publish   _id: 'uniquire@1.0.6',
20 silly publish   _shasum: 'bb981c9a40a272fb41e83fb8995d35f63dd0ff63',
20 silly publish   _from: '.' }
21 verbose getPublishConfig undefined
22 silly mapToRegistry name uniquire
23 silly mapToRegistry using default registry
24 silly mapToRegistry registry https://registry.npmjs.org/
25 silly mapToRegistry data Result {
25 silly mapToRegistry   raw: 'uniquire',
25 silly mapToRegistry   scope: null,
25 silly mapToRegistry   name: 'uniquire',
25 silly mapToRegistry   rawSpec: '',
25 silly mapToRegistry   spec: 'latest',
25 silly mapToRegistry   type: 'tag' }
26 silly mapToRegistry uri https://registry.npmjs.org/uniquire
27 verbose publish registryBase https://registry.npmjs.org/
28 silly publish uploading /home/user/.npm/uniquire/1.0.6/package.tgz
29 verbose request uri https://registry.npmjs.org/uniquire
30 verbose request sending authorization for write operation
31 info attempt registry request try #1 at 10:23:56 AM
32 verbose request using bearer token for auth
33 verbose request id 1e53f91e0d3c71d1
34 http request PUT https://registry.npmjs.org/uniquire
35 http 403 https://registry.npmjs.org/uniquire
36 verbose headers { 'content-type': 'application/json',
36 verbose headers   'cache-control': 'max-age=300',
36 verbose headers   'content-length': '91',
36 verbose headers   'accept-ranges': 'bytes',
36 verbose headers   date: 'Mon, 05 Feb 2018 10:23:58 GMT',
36 verbose headers   via: '1.1 varnish',
36 verbose headers   connection: 'keep-alive',
36 verbose headers   'x-served-by': 'cache-lcy19222-LCY',
36 verbose headers   'x-cache': 'MISS',
36 verbose headers   'x-cache-hits': '0',
36 verbose headers   'x-timer': 'S1517826237.014136,VS0,VE1466',
36 verbose headers   vary: 'Accept-Encoding, Accept' }
37 verbose request invalidating /home/user/.npm/registry.npmjs.org/uniquire on PUT
38 error publish Failed PUT 403
39 verbose stack Error: You cannot publish over the previously published version 1.0.6. : uniquire
39 verbose stack     at makeError (/usr/lib/node_modules/npm/node_modules/npm-registry-client/lib/request.js:302:12)
39 verbose stack     at CachingRegistryClient.<anonymous> (/usr/lib/node_modules/npm/node_modules/npm-registry-client/lib/request.js:290:14)
39 verbose stack     at Request._callback (/usr/lib/node_modules/npm/node_modules/npm-registry-client/lib/request.js:210:14)
39 verbose stack     at Request.self.callback (/usr/lib/node_modules/npm/node_modules/request/request.js:187:22)
39 verbose stack     at emitTwo (events.js:87:13)
39 verbose stack     at Request.emit (events.js:172:7)
39 verbose stack     at Request.<anonymous> (/usr/lib/node_modules/npm/node_modules/request/request.js:1044:10)
39 verbose stack     at emitOne (events.js:77:13)
39 verbose stack     at Request.emit (events.js:169:7)
39 verbose stack     at IncomingMessage.<anonymous> (/usr/lib/node_modules/npm/node_modules/request/request.js:965:12)
40 verbose statusCode 403
41 verbose pkgid uniquire
42 verbose cwd /home/user/Projects/uniquire
43 error Linux 4.14.16-300.fc27.x86_64
44 error argv "/usr/bin/node" "/usr/bin/npm" "publish"
45 error node v4.8.7
46 error npm  v2.15.11
47 error code E403
48 error You cannot publish over the previously published version 1.0.6. : uniquire
49 error If you need help, you may report this error at:
49 error     <https://github.com/npm/npm/issues>
50 verbose exit [ 1, true ]
